0 info it worked if it ends with ok
1 verbose cli [ 'node', '/usr/local/bin/npm', 'install', '../MaggaJig' ]
2 info using npm@1.4.28
3 info using node@v0.10.38
4 warn package.json JigMagga-TodoMVC@1.0.0 No description
5 warn package.json JigMagga-TodoMVC@1.0.0 No README data
6 verbose readDependencies using package.json deps
7 verbose cache add [ '../MaggaJig', null ]
8 verbose cache add name=undefined spec="../MaggaJig" args=["../MaggaJig",null]
9 verbose parsed url { protocol: null,
9 verbose parsed url   slashes: null,
9 verbose parsed url   auth: null,
9 verbose parsed url   host: null,
9 verbose parsed url   port: null,
9 verbose parsed url   hostname: null,
9 verbose parsed url   hash: null,
9 verbose parsed url   search: null,
9 verbose parsed url   query: null,
9 verbose parsed url   pathname: '../MaggaJig',
9 verbose parsed url   path: '../MaggaJig',
9 verbose parsed url   href: '../MaggaJig' }
10 silly lockFile 19aecb8a-MaggaJig ../MaggaJig
11 verbose lock ../MaggaJig /Users/toni/.npm/19aecb8a-MaggaJig.lock
12 verbose tar pack [ '/Users/toni/.npm/MaggaJig/1.0.0/package.tgz', '../MaggaJig' ]
13 verbose tarball /Users/toni/.npm/MaggaJig/1.0.0/package.tgz
14 verbose folder ../MaggaJig
15 info prepublish MaggaJig@1.0.0
16 silly lockFile 58f1fe93-tar-MaggaJig tar://../MaggaJig
17 verbose lock tar://../MaggaJig /Users/toni/.npm/58f1fe93-tar-MaggaJig.lock
18 silly lockFile 69b68631-i-npm-MaggaJig-1-0-0-package-tgz tar:///Users/toni/.npm/MaggaJig/1.0.0/package.tgz
19 verbose lock tar:///Users/toni/.npm/MaggaJig/1.0.0/package.tgz /Users/toni/.npm/69b68631-i-npm-MaggaJig-1-0-0-package-tgz.lock
20 silly lockFile 58f1fe93-tar-MaggaJig tar://../MaggaJig
21 silly lockFile 58f1fe93-tar-MaggaJig tar://../MaggaJig
22 silly lockFile 69b68631-i-npm-MaggaJig-1-0-0-package-tgz tar:///Users/toni/.npm/MaggaJig/1.0.0/package.tgz
23 silly lockFile 69b68631-i-npm-MaggaJig-1-0-0-package-tgz tar:///Users/toni/.npm/MaggaJig/1.0.0/package.tgz
24 silly lockFile 702e03e4--toni-npm-MaggaJig-1-0-0-package /Users/toni/.npm/MaggaJig/1.0.0/package
25 verbose lock /Users/toni/.npm/MaggaJig/1.0.0/package /Users/toni/.npm/702e03e4--toni-npm-MaggaJig-1-0-0-package.lock
26 silly lockFile 702e03e4--toni-npm-MaggaJig-1-0-0-package /Users/toni/.npm/MaggaJig/1.0.0/package
27 silly lockFile 702e03e4--toni-npm-MaggaJig-1-0-0-package /Users/toni/.npm/MaggaJig/1.0.0/package
28 silly lockFile 19aecb8a-MaggaJig ../MaggaJig
29 silly lockFile 19aecb8a-MaggaJig ../MaggaJig
30 error addLocal Could not install ../MaggaJig
31 error Error: EACCES, open '/Users/toni/.npm/MaggaJig/1.0.0/package/package.json'
31 error  { [Error: EACCES, open '/Users/toni/.npm/MaggaJig/1.0.0/package/package.json']
31 error   errno: 3,
31 error   code: 'EACCES',
31 error   path: '/Users/toni/.npm/MaggaJig/1.0.0/package/package.json',
31 error   parent: 'JigMagga-TodoMVC' }
32 error Please try running this command again as root/Administrator.
33 error System Darwin 14.4.0
34 error command "node" "/usr/local/bin/npm" "install" "../MaggaJig"
35 error cwd /Users/toni/Repos/JigMagga-TodoMVC
36 error node -v v0.10.38
37 error npm -v 1.4.28
38 error path /Users/toni/.npm/MaggaJig/1.0.0/package/package.json
39 error code EACCES
40 error errno 3
41 error stack Error: EACCES, open '/Users/toni/.npm/MaggaJig/1.0.0/package/package.json'
42 verbose exit [ 3, true ]
